
> hcp-ui-lab@0.0.0 dev
> vite

6:43:50 AM [vite] (client) Re-optimizing dependencies because vite config has changed

  VITE v8.0.10  ready in 699 ms

  ➜  Local:   http://localhost:5174/
  ➜  Network: http://192.168.58.101:5174/
  ➜  Network: http://172.18.0.1:5174/
  ➜  Network: http://172.25.0.1:5174/
(!) Failed to run dependency scan. Skipping dependency pre-bundling. Error:   Failed to scan for dependencies from entries:
  /home/hcp-dev/hcp-project-experiment/hcp-ui-lab/index.html
/home/hcp-dev/hcp-project-experiment/hcp-ui-lab/public/debug.html
/home/hcp-dev/hcp-project-experiment/hcp-ui-lab/public/test-api.html

  Build failed with 1 error:

[31m[UNLOADABLE_DEPENDENCY] Error:[0m Could not load node_modules/.vite/deps/axios.js
   [38;5;246m╭[0m[38;5;246m─[0m[38;5;246m[[0m virtual-module:/home/hcp-dev/hcp-project-experiment/hcp-ui-lab/public/debug.html?id=0:2:21 [38;5;246m][0m
   [38;5;246m│[0m
 [38;5;246m2 │[0m [38;5;249m [0m[38;5;249m [0m[38;5;249mi[0m[38;5;249mm[0m[38;5;249mp[0m[38;5;249mo[0m[38;5;249mr[0m[38;5;249mt[0m[38;5;249m [0m[38;5;249ma[0m[38;5;249mx[0m[38;5;249mi[0m[38;5;249mo[0m[38;5;249ms[0m[38;5;249m [0m[38;5;249mf[0m[38;5;249mr[0m[38;5;249mo[0m[38;5;249mm[0m[38;5;249m [0m'/node_modules/.vite/deps/axios.js'[38;5;249m;[0m
 [38;5;240m  │[0m                     ─────────────────┬─────────────────  
 [38;5;240m  │[0m                                      ╰─────────────────── No such file or directory (os error 2)
[38;5;246m───╯[0m

    at aggregateBindingErrorsIntoJsError (file:///home/hcp-dev/hcp-project-experiment/hcp-ui-lab/node_modules/rolldown/dist/shared/error-DL-e8-oE.mjs:48:18)
    at unwrapBindingResult (file:///home/hcp-dev/hcp-project-experiment/hcp-ui-lab/node_modules/rolldown/dist/shared/error-DL-e8-oE.mjs:18:128)
    at scan (file:///home/hcp-dev/hcp-project-experiment/hcp-ui-lab/node_modules/rolldown/dist/experimental-index.mjs:176:3)
    at async Object.build (file:///home/hcp-dev/hcp-project-experiment/hcp-ui-lab/node_modules/vite/dist/node/chunks/node.js:30714:3)
    at async scan (file:///home/hcp-dev/hcp-project-experiment/hcp-ui-lab/node_modules/vite/dist/node/chunks/node.js:30659:4)
    at async file:///home/hcp-dev/hcp-project-experiment/hcp-ui-lab/node_modules/vite/dist/node/chunks/node.js:23222:15
6:43:55 AM [vite] (client) ✨ new dependencies optimized: element-plus, vue
6:43:56 AM [vite] (client) ✨ new dependencies optimized: pinia, vue-router, @element-plus/icons-vue, axios
6:43:56 AM [vite] (client) ✨ optimized dependencies changed. reloading
